# JRE version: OpenJDK Runtime Environment Temurin-21.0.9+10 (21.0.9+10) (build 21.0.9+10-LTS)
# Java VM: OpenJDK 64-Bit Server VM Temurin-21.0.9+10 (21.0.9+10-LTS, mixed mode, sharing, tiered, compressed oops, compressed class ptrs, g1 gc, windows-amd64)
GC Precious Log:
 CardTable entry size: 512
 Card Set container configuration: InlinePtr #cards 5 size 8 Array Of Cards #cards 12 size 40 Howl #buckets 4 coarsen threshold 1843 Howl Bitmap #cards 512 size 80 coarsen threshold 460 Card regions per heap region 1 cards per card region 2048
 CPUs: 16 total, 16 available
 Memory: 16122M
 Large Page Support: Disabled
 NUMA Support: Disabled
 Compressed Oops: Enabled (32-bit)
 Heap Region Size: 1M
 Heap Min Capacity: 8M
 Heap Initial Capacity: 252M
 Heap Max Capacity: 2G
 Pre-touch: Disabled
 Parallel Workers: 13
 Concurrent Workers: 3
 Concurrent Refinement Workers: 13
 Periodic GC: Disabled
Heap:
 garbage-first heap   total 240640K, used 164397K [0x0000000080000000, 0x0000000100000000)
  region size 1024K, 50 young (51200K), 10 survivors (10240K)
 Metaspace       used 80081K, committed 81856K, reserved 1179648K
  class space    used 8421K, committed 9216K, reserved 1048576K
GC Heap History (20 events):
Event: 46.143 GC heap before
{Heap before GC invocations=44 (full 0):
 garbage-first heap   total 131072K, used 129899K [0x0000000080000000, 0x0000000100000000)
  region size 1024K, 45 young (46080K), 7 survivors (7168K)
 Metaspace       used 68869K, committed 70528K, reserved 1114112K
  class space    used 7092K, committed 7808K, reserved 1048576K
}
Event: 46.147 GC heap after
{Heap after GC invocations=45 (full 0):
 garbage-first heap   total 139264K, used 77659K [0x0000000080000000, 0x0000000100000000)
  region size 1024K, 5 young (5120K), 5 survivors (5120K)
 Metaspace       used 68869K, committed 70528K, reserved 1114112K
  class space    used 7092K, committed 7808K, reserved 1048576K
}
Event: 51.847 GC heap before
{Heap before GC invocations=45 (full 0):
 garbage-first heap   total 139264K, used 129883K [0x0000000080000000, 0x0000000100000000)
  region size 1024K, 53 young (54272K), 5 survivors (5120K)
 Metaspace       used 69727K, committed 71424K, reserved 1114112K
  class space    used 7191K, committed 7936K, reserved 1048576K
}
Event: 51.851 GC heap after
{Heap after GC invocations=46 (full 0):
 garbage-first heap   total 140288K, used 76526K [0x0000000080000000, 0x0000000100000000)
  region size 1024K, 4 young (4096K), 4 survivors (4096K)
 Metaspace       used 69727K, committed 71424K, reserved 1114112K
  class space    used 7191K, committed 7936K, reserved 1048576K
}
Event: 205.941 GC heap before
{Heap before GC invocations=46 (full 0):
 garbage-first heap   total 140288K, used 127726K [0x0000000080000000, 0x0000000100000000)
  region size 1024K, 55 young (56320K), 4 survivors (4096K)
 Metaspace       used 73297K, committed 75072K, reserved 1179648K
  class space    used 7551K, committed 8320K, reserved 1048576K
}
Event: 205.944 GC heap after
{Heap after GC invocations=47 (full 0):
 garbage-first heap   total 140288K, used 79039K [0x0000000080000000, 0x0000000100000000)
  region size 1024K, 6 young (6144K), 6 survivors (6144K)
 Metaspace       used 73297K, committed 75072K, reserved 1179648K
  class space    used 7551K, committed 8320K, reserved 1048576K
}
Event: 209.541 GC heap before
{Heap before GC invocations=48 (full 0):
 garbage-first heap   total 140288K, used 128191K [0x0000000080000000, 0x0000000100000000)
  region size 1024K, 55 young (56320K), 6 survivors (6144K)
 Metaspace       used 74126K, committed 75904K, reserved 1179648K
  class space    used 7647K, committed 8448K, reserved 1048576K
}
Event: 209.545 GC heap after
{Heap after GC invocations=49 (full 0):
 garbage-first heap   total 140288K, used 81347K [0x0000000080000000, 0x0000000100000000)
  region size 1024K, 6 young (6144K), 6 survivors (6144K)
 Metaspace       used 74126K, committed 75904K, reserved 1179648K
  class space    used 7647K, committed 8448K, reserved 1048576K
}
Event: 210.124 GC heap before
{Heap before GC invocations=49 (full 0):
 garbage-first heap   total 140288K, used 133571K [0x0000000080000000, 0x0000000100000000)
  region size 1024K, 53 young (54272K), 6 survivors (6144K)
 Metaspace       used 74441K, committed 76160K, reserved 1179648K
  class space    used 7686K, committed 8448K, reserved 1048576K
}
Event: 210.134 GC heap after
{Heap after GC invocations=50 (full 0):
 garbage-first heap   total 162816K, used 103424K [0x0000000080000000, 0x0000000100000000)
  region size 1024K, 7 young (7168K), 7 survivors (7168K)
 Metaspace       used 74441K, committed 76160K, reserved 1179648K
  class space    used 7686K, committed 8448K, reserved 1048576K
}
Event: 210.148 GC heap before
{Heap before GC invocations=50 (full 0):
 garbage-first heap   total 162816K, used 108544K [0x0000000080000000, 0x0000000100000000)
  region size 1024K, 14 young (14336K), 7 survivors (7168K)
 Metaspace       used 74487K, committed 76224K, reserved 1179648K
  class space    used 7692K, committed 8448K, reserved 1048576K
}
Event: 210.151 GC heap after
{Heap after GC invocations=51 (full 0):
 garbage-first heap   total 162816K, used 109631K [0x0000000080000000, 0x0000000100000000)
  region size 1024K, 5 young (5120K), 5 survivors (5120K)
 Metaspace       used 74487K, committed 76224K, reserved 1179648K
  class space    used 7692K, committed 8448K, reserved 1048576K
}
Event: 445.770 GC heap before
{Heap before GC invocations=52 (full 0):
 garbage-first heap   total 232448K, used 159807K [0x0000000080000000, 0x0000000100000000)
  region size 1024K, 27 young (27648K), 5 survivors (5120K)
 Metaspace       used 74896K, committed 76672K, reserved 1179648K
  class space    used 7733K, committed 8512K, reserved 1048576K
}
Event: 445.773 GC heap after
{Heap after GC invocations=53 (full 0):
 garbage-first heap   total 232448K, used 107296K [0x0000000080000000, 0x0000000100000000)
  region size 1024K, 2 young (2048K), 2 survivors (2048K)
 Metaspace       used 74896K, committed 76672K, reserved 1179648K
  class space    used 7733K, committed 8512K, reserved 1048576K
}
Event: 446.921 GC heap before
{Heap before GC invocations=53 (full 0):
 garbage-first heap   total 232448K, used 163616K [0x0000000080000000, 0x0000000100000000)
  region size 1024K, 58 young (59392K), 2 survivors (2048K)
 Metaspace       used 75337K, committed 77056K, reserved 1179648K
  class space    used 7735K, committed 8512K, reserved 1048576K
}
Event: 446.923 GC heap after
{Heap after GC invocations=54 (full 0):
 garbage-first heap   total 232448K, used 102479K [0x0000000080000000, 0x0000000100000000)
  region size 1024K, 4 young (4096K), 4 survivors (4096K)
 Metaspace       used 75337K, committed 77056K, reserved 1179648K
  class space    used 7735K, committed 8512K, reserved 1048576K
}
Event: 447.616 GC heap before
{Heap before GC invocations=54 (full 0):
 garbage-first heap   total 232448K, used 116815K [0x0000000080000000, 0x0000000100000000)
  region size 1024K, 19 young (19456K), 4 survivors (4096K)
 Metaspace       used 75363K, committed 77056K, reserved 1179648K
  class space    used 7735K, committed 8512K, reserved 1048576K
}
Event: 447.618 GC heap after
{Heap after GC invocations=55 (full 0):
 garbage-first heap   total 232448K, used 102543K [0x0000000080000000, 0x0000000100000000)
  region size 1024K, 4 young (4096K), 4 survivors (4096K)
 Metaspace       used 75363K, committed 77056K, reserved 1179648K
  class space    used 7735K, committed 8512K, reserved 1048576K
}
Event: 856.427 GC heap before
{Heap before GC invocations=56 (full 0):
 garbage-first heap   total 232448K, used 212111K [0x0000000080000000, 0x0000000100000000)
  region size 1024K, 75 young (76800K), 4 survivors (4096K)
 Metaspace       used 75881K, committed 77632K, reserved 1179648K
  class space    used 7803K, committed 8576K, reserved 1048576K
}
Event: 856.435 GC heap after
{Heap after GC invocations=57 (full 0):
 garbage-first heap   total 240640K, used 125485K [0x0000000080000000, 0x0000000100000000)
  region size 1024K, 10 young (10240K), 10 survivors (10240K)
 Metaspace       used 75881K, committed 77632K, reserved 1179648K
  class space    used 7803K, committed 8576K, reserved 1048576K
}

